0 info it worked if it ends with ok
1 verbose cli [ '/usr/local/bin/node', '/usr/local/bin/npm', 'run', 'startDev' ]
2 info using npm@3.10.10
3 info using node@v6.10.2
4 verbose run-script [ 'prestartDev', 'startDev', 'poststartDev' ]
5 info lifecycle project@1.0.0~prestartDev: project@1.0.0
6 silly lifecycle project@1.0.0~prestartDev: no script for prestartDev, continuing
7 info lifecycle project@1.0.0~startDev: project@1.0.0
8 verbose lifecycle project@1.0.0~startDev: unsafe-perm in lifecycle true
9 verbose lifecycle project@1.0.0~startDev: PATH: /usr/local/lib/node_modules/npm/bin/node-gyp-bin:/Users/hugo/Documents/IUT/Ajax/Project/node_modules/.bin:/Users/hugo/Scripts:/usr/local/bin:/usr/bin:/bin:/usr/sbin:/sbin:/opt/X11/bin
10 verbose lifecycle project@1.0.0~startDev: CWD: /Users/hugo/Documents/IUT/Ajax/Project
11 silly lifecycle project@1.0.0~startDev: Args: [ '-c', 'NODE_ENV=dev node server.js' ]
12 silly lifecycle project@1.0.0~startDev: Returned: code: 1  signal: null
13 info lifecycle project@1.0.0~startDev: Failed to exec startDev script
14 verbose stack Error: project@1.0.0 startDev: `NODE_ENV=dev node server.js`
14 verbose stack Exit status 1
14 verbose stack     at EventEmitter.<anonymous> (/usr/local/lib/node_modules/npm/lib/utils/lifecycle.js:255:16)
14 verbose stack     at emitTwo (events.js:106:13)
14 verbose stack     at EventEmitter.emit (events.js:191:7)
14 verbose stack     at ChildProcess.<anonymous> (/usr/local/lib/node_modules/npm/lib/utils/spawn.js:40:14)
14 verbose stack     at emitTwo (events.js:106:13)
14 verbose stack     at ChildProcess.emit (events.js:191:7)
14 verbose stack     at maybeClose (internal/child_process.js:886:16)
14 verbose stack     at Process.ChildProcess._handle.onexit (internal/child_process.js:226:5)
15 verbose pkgid project@1.0.0
16 verbose cwd /Users/hugo/Documents/IUT/Ajax/Project
17 error Darwin 17.4.0
18 error argv "/usr/local/bin/node" "/usr/local/bin/npm" "run" "startDev"
19 error node v6.10.2
20 error npm  v3.10.10
21 error code ELIFECYCLE
22 error project@1.0.0 startDev: `NODE_ENV=dev node server.js`
22 error Exit status 1
23 error Failed at the project@1.0.0 startDev script 'NODE_ENV=dev node server.js'.
23 error Make sure you have the latest version of node.js and npm installed.
23 error If you do, this is most likely a problem with the project package,
23 error not with npm itself.
23 error Tell the author that this fails on your system:
23 error     NODE_ENV=dev node server.js
23 error You can get information on how to open an issue for this project with:
23 error     npm bugs project
23 error Or if that isn't available, you can get their info via:
23 error     npm owner ls project
23 error There is likely additional logging output above.
24 verbose exit [ 1, true ]
